Started GET "/" for ::1 at 2021-12-15 17:33:00 -0300
  [1m[35m (0.9ms)[0m  [1m[34mSELECT sqlite_version(*)[0m
  [1m[35m (0.3ms)[0m  [1m[34mSELECT "schema_migrations"."version" FROM "schema_migrations" ORDER BY "schema_migrations"."version" ASC[0m
Processing by BooksController#index as HTML
  Rendering layout layouts/application.html.erb
  Rendering books/index.html.erb within layouts/application
  [1m[36mBook Load (0.3ms)[0m  [1m[34mSELECT DISTINCT "books".* FROM "books"[0m
  ↳ app/views/books/index.html.erb:28
  Rendered books/index.html.erb within layouts/application (Duration: 17.5ms | Allocations: 3056)
[Webpacker] Everything's up-to-date. Nothing to do
  Rendered layout layouts/application.html.erb (Duration: 189.6ms | Allocations: 22967)
Completed 200 OK in 217ms (Views: 194.3ms | ActiveRecord: 1.3ms | Allocations: 26933)


Started GET "/" for ::1 at 2021-12-15 17:33:02 -0300
Processing by BooksController#index as HTML
  Rendering layout layouts/application.html.erb
  Rendering books/index.html.erb within layouts/application
  [1m[36mBook Load (0.2ms)[0m  [1m[34mSELECT DISTINCT "books".* FROM "books"[0m
  ↳ app/views/books/index.html.erb:28
  Rendered books/index.html.erb within layouts/application (Duration: 6.0ms | Allocations: 1190)
[Webpacker] Everything's up-to-date. Nothing to do
  Rendered layout layouts/application.html.erb (Duration: 23.4ms | Allocations: 4470)
Completed 200 OK in 28ms (Views: 24.2ms | ActiveRecord: 0.2ms | Allocations: 4931)


Started GET "/books/new" for ::1 at 2021-12-15 17:35:22 -0300
Processing by BooksController#new as HTML
  Rendering layout layouts/application.html.erb
  Rendering books/new.html.erb within layouts/application
  Rendered books/_form.html.erb (Duration: 68.7ms | Allocations: 14149)
  Rendered books/new.html.erb within layouts/application (Duration: 72.3ms | Allocations: 14501)
[Webpacker] Everything's up-to-date. Nothing to do
  Rendered layout layouts/application.html.erb (Duration: 80.2ms | Allocations: 17684)
Completed 200 OK in 115ms (Views: 80.8ms | ActiveRecord: 0.6ms | Allocations: 22109)


Started POST "/books" for ::1 at 2021-12-15 17:35:33 -0300
Processing by BooksController#create as HTML
  Parameters: {"authenticity_token"=>"[FILTERED]", "book"=>{"title"=>"la casa de los espiritus", "author"=>"isabel allende", "status"=>"estante", "borrower"=>"", "borrowed(1i)"=>"2021", "borrowed(2i)"=>"12", "borrowed(3i)"=>"15", "returned(1i)"=>"2021", "returned(2i)"=>"12", "returned(3i)"=>"15"}, "commit"=>"Create Book"}
  [1m[36mTRANSACTION (0.1ms)[0m  [1m[36mbegin transaction[0m
  ↳ app/controllers/books_controller.rb:28:in `block in create'
  [1m[36mBook Create (0.5ms)[0m  [1m[32mINSERT INTO "books" ("title", "author", "status", "borrower", "borrowed", "returned", "created_at", "updated_at") VALUES (?, ?, ?, ?, ?, ?, ?, ?)[0m  [["title", "la casa de los espiritus"], ["author", "isabel allende"], ["status", 0], ["borrower", ""], ["borrowed", "2021-12-15"], ["returned", "2021-12-15"], ["created_at", "2021-12-15 20:35:33.070328"], ["updated_at", "2021-12-15 20:35:33.070328"]]
  ↳ app/controllers/books_controller.rb:28:in `block in create'
  [1m[36mTRANSACTION (185.5ms)[0m  [1m[36mcommit transaction[0m
  ↳ app/controllers/books_controller.rb:28:in `block in create'
Redirected to http://localhost:3000/books/2
Completed 302 Found in 200ms (ActiveRecord: 186.0ms | Allocations: 5498)


Started GET "/books/2" for ::1 at 2021-12-15 17:35:33 -0300
Processing by BooksController#show as HTML
  Parameters: {"id"=>"2"}
  [1m[36mBook Load (0.7ms)[0m  [1m[34mSELECT "books".* FROM "books" WHERE "books"."id" = ? LIMIT ?[0m  [["id", 2], ["LIMIT", 1]]
  ↳ app/controllers/books_controller.rb:63:in `set_book'
  Rendering layout layouts/application.html.erb
  Rendering books/show.html.erb within layouts/application
  Rendered books/show.html.erb within layouts/application (Duration: 2.1ms | Allocations: 381)
[Webpacker] Everything's up-to-date. Nothing to do
  Rendered layout layouts/application.html.erb (Duration: 13.6ms | Allocations: 3659)
Completed 200 OK in 24ms (Views: 14.6ms | ActiveRecord: 0.7ms | Allocations: 5138)


Started GET "/books" for ::1 at 2021-12-15 17:35:39 -0300
Processing by BooksController#index as HTML
  Rendering layout layouts/application.html.erb
  Rendering books/index.html.erb within layouts/application
  [1m[36mBook Load (0.3ms)[0m  [1m[34mSELECT DISTINCT "books".* FROM "books"[0m
  ↳ app/views/books/index.html.erb:28
  Rendered books/index.html.erb within layouts/application (Duration: 8.7ms | Allocations: 1315)
[Webpacker] Everything's up-to-date. Nothing to do
  Rendered layout layouts/application.html.erb (Duration: 15.3ms | Allocations: 4592)
Completed 200 OK in 18ms (Views: 16.6ms | ActiveRecord: 0.3ms | Allocations: 5054)


Started GET "/books/new" for ::1 at 2021-12-15 17:35:55 -0300
Processing by BooksController#new as HTML
  Rendering layout layouts/application.html.erb
  Rendering books/new.html.erb within layouts/application
  Rendered books/_form.html.erb (Duration: 11.3ms | Allocations: 2883)
  Rendered books/new.html.erb within layouts/application (Duration: 11.9ms | Allocations: 2992)
[Webpacker] Everything's up-to-date. Nothing to do
  Rendered layout layouts/application.html.erb (Duration: 25.0ms | Allocations: 7084)
Completed 200 OK in 27ms (Views: 25.8ms | ActiveRecord: 0.0ms | Allocations: 7483)


Started POST "/books" for ::1 at 2021-12-15 17:37:40 -0300
Processing by BooksController#create as HTML
  Parameters: {"authenticity_token"=>"[FILTERED]", "book"=>{"title"=>"el señor de los anillos ", "author"=>"JRR Tolkien", "status"=>"estante", "borrower"=>"", "borrowed(1i)"=>"2021", "borrowed(2i)"=>"12", "borrowed(3i)"=>"15", "returned(1i)"=>"2021", "returned(2i)"=>"12", "returned(3i)"=>"15"}, "commit"=>"Create Book"}
  [1m[36mTRANSACTION (0.1ms)[0m  [1m[36mbegin transaction[0m
  ↳ app/controllers/books_controller.rb:28:in `block in create'
  [1m[36mBook Create (0.6ms)[0m  [1m[32mINSERT INTO "books" ("title", "author", "status", "borrower", "borrowed", "returned", "created_at", "updated_at") VALUES (?, ?, ?, ?, ?, ?, ?, ?)[0m  [["title", "el señor de los anillos "], ["author", "JRR Tolkien"], ["status", 0], ["borrower", ""], ["borrowed", "2021-12-15"], ["returned", "2021-12-15"], ["created_at", "2021-12-15 20:37:40.635373"], ["updated_at", "2021-12-15 20:37:40.635373"]]
  ↳ app/controllers/books_controller.rb:28:in `block in create'
  [1m[36mTRANSACTION (180.0ms)[0m  [1m[36mcommit transaction[0m
  ↳ app/controllers/books_controller.rb:28:in `block in create'
Redirected to http://localhost:3000/books/3
Completed 302 Found in 194ms (ActiveRecord: 180.7ms | Allocations: 5435)


Started GET "/books/3" for ::1 at 2021-12-15 17:37:40 -0300
Processing by BooksController#show as HTML
  Parameters: {"id"=>"3"}
  [1m[36mBook Load (0.2ms)[0m  [1m[34mSELECT "books".* FROM "books" WHERE "books"."id" = ? LIMIT ?[0m  [["id", 3], ["LIMIT", 1]]
  ↳ app/controllers/books_controller.rb:63:in `set_book'
  Rendering layout layouts/application.html.erb
  Rendering books/show.html.erb within layouts/application
  Rendered books/show.html.erb within layouts/application (Duration: 0.6ms | Allocations: 127)
[Webpacker] Everything's up-to-date. Nothing to do
  Rendered layout layouts/application.html.erb (Duration: 14.2ms | Allocations: 3402)
Completed 200 OK in 18ms (Views: 14.9ms | ActiveRecord: 0.2ms | Allocations: 4342)


Started GET "/books" for ::1 at 2021-12-15 17:37:47 -0300
Processing by BooksController#index as HTML
  Rendering layout layouts/application.html.erb
  Rendering books/index.html.erb within layouts/application
  [1m[36mBook Load (0.3ms)[0m  [1m[34mSELECT DISTINCT "books".* FROM "books"[0m
  ↳ app/views/books/index.html.erb:28
  Rendered books/index.html.erb within layouts/application (Duration: 8.2ms | Allocations: 1418)
[Webpacker] Everything's up-to-date. Nothing to do
  Rendered layout layouts/application.html.erb (Duration: 15.1ms | Allocations: 4693)
Completed 200 OK in 18ms (Views: 16.6ms | ActiveRecord: 0.3ms | Allocations: 5143)


Started GET "/books/3/edit" for ::1 at 2021-12-15 17:37:56 -0300
Processing by BooksController#edit as HTML
  Parameters: {"id"=>"3"}
  [1m[36mBook Load (0.2ms)[0m  [1m[34mSELECT "books".* FROM "books" WHERE "books"."id" = ? LIMIT ?[0m  [["id", 3], ["LIMIT", 1]]
  ↳ app/controllers/books_controller.rb:63:in `set_book'
  Rendering layout layouts/application.html.erb
  Rendering books/edit.html.erb within layouts/application
  Rendered books/_form.html.erb (Duration: 8.3ms | Allocations: 2912)
  Rendered books/edit.html.erb within layouts/application (Duration: 10.0ms | Allocations: 3171)
[Webpacker] Everything's up-to-date. Nothing to do
  Rendered layout layouts/application.html.erb (Duration: 17.7ms | Allocations: 6448)
Completed 200 OK in 21ms (Views: 18.4ms | ActiveRecord: 0.2ms | Allocations: 7529)


Started PATCH "/books/3" for ::1 at 2021-12-15 17:40:06 -0300
Processing by BooksController#update as HTML
  Parameters: {"authenticity_token"=>"[FILTERED]", "book"=>{"title"=>"el señor de los anillos ", "author"=>"JRR Tolkien", "status"=>"prestado", "borrower"=>"", "borrowed(1i)"=>"2021", "borrowed(2i)"=>"12", "borrowed(3i)"=>"15", "returned(1i)"=>"2021", "returned(2i)"=>"12", "returned(3i)"=>"29"}, "commit"=>"Update Book", "id"=>"3"}
  [1m[36mBook Load (0.2ms)[0m  [1m[34mSELECT "books".* FROM "books" WHERE "books"."id" = ? LIMIT ?[0m  [["id", 3], ["LIMIT", 1]]
  ↳ app/controllers/books_controller.rb:63:in `set_book'
  [1m[36mTRANSACTION (0.1ms)[0m  [1m[36mbegin transaction[0m
  ↳ app/controllers/books_controller.rb:41:in `block in update'
  [1m[36mBook Update (0.7ms)[0m  [1m[33mUPDATE "books" SET "status" = ?, "returned" = ?, "updated_at" = ? WHERE "books"."id" = ?[0m  [["status", 1], ["returned", "2021-12-29"], ["updated_at", "2021-12-15 20:40:06.891489"], ["id", 3]]
  ↳ app/controllers/books_controller.rb:41:in `block in update'
  [1m[36mTRANSACTION (95.4ms)[0m  [1m[36mcommit transaction[0m
  ↳ app/controllers/books_controller.rb:41:in `block in update'
Redirected to http://localhost:3000/books/3
Completed 302 Found in 121ms (ActiveRecord: 96.4ms | Allocations: 5837)


Started GET "/books/3" for ::1 at 2021-12-15 17:40:07 -0300
Processing by BooksController#show as HTML
  Parameters: {"id"=>"3"}
  [1m[36mBook Load (0.1ms)[0m  [1m[34mSELECT "books".* FROM "books" WHERE "books"."id" = ? LIMIT ?[0m  [["id", 3], ["LIMIT", 1]]
  ↳ app/controllers/books_controller.rb:63:in `set_book'
  Rendering layout layouts/application.html.erb
  Rendering books/show.html.erb within layouts/application
  Rendered books/show.html.erb within layouts/application (Duration: 0.4ms | Allocations: 129)
[Webpacker] Everything's up-to-date. Nothing to do
  Rendered layout layouts/application.html.erb (Duration: 6.4ms | Allocations: 3408)
Completed 200 OK in 10ms (Views: 8.1ms | ActiveRecord: 0.1ms | Allocations: 4349)


Started GET "/books" for ::1 at 2021-12-15 17:40:08 -0300
Processing by BooksController#index as HTML
  Rendering layout layouts/application.html.erb
  Rendering books/index.html.erb within layouts/application
  [1m[36mBook Load (0.2ms)[0m  [1m[34mSELECT DISTINCT "books".* FROM "books"[0m
  ↳ app/views/books/index.html.erb:28
  Rendered books/index.html.erb within layouts/application (Duration: 12.4ms | Allocations: 1533)
[Webpacker] Everything's up-to-date. Nothing to do
  Rendered layout layouts/application.html.erb (Duration: 31.9ms | Allocations: 4842)
Completed 200 OK in 50ms (Views: 34.4ms | ActiveRecord: 0.2ms | Allocations: 5980)


Started GET "/books/3/edit" for ::1 at 2021-12-15 17:40:14 -0300
Processing by BooksController#edit as HTML
  Parameters: {"id"=>"3"}
  [1m[36mBook Load (0.2ms)[0m  [1m[34mSELECT "books".* FROM "books" WHERE "books"."id" = ? LIMIT ?[0m  [["id", 3], ["LIMIT", 1]]
  ↳ app/controllers/books_controller.rb:63:in `set_book'
  Rendering layout layouts/application.html.erb
  Rendering books/edit.html.erb within layouts/application
  Rendered books/_form.html.erb (Duration: 8.7ms | Allocations: 2881)
  Rendered books/edit.html.erb within layouts/application (Duration: 10.0ms | Allocations: 3016)
[Webpacker] Everything's up-to-date. Nothing to do
  Rendered layout layouts/application.html.erb (Duration: 20.6ms | Allocations: 7107)
Completed 200 OK in 25ms (Views: 21.4ms | ActiveRecord: 0.2ms | Allocations: 8061)


Started PATCH "/books/3" for ::1 at 2021-12-15 17:40:31 -0300
Processing by BooksController#update as HTML
  Parameters: {"authenticity_token"=>"[FILTERED]", "book"=>{"title"=>"el señor de los anillos ", "author"=>"JRR Tolkien", "status"=>"prestado", "borrower"=>"jose", "borrowed(1i)"=>"2021", "borrowed(2i)"=>"12", "borrowed(3i)"=>"15", "returned(1i)"=>"2021", "returned(2i)"=>"12", "returned(3i)"=>"29"}, "commit"=>"Update Book", "id"=>"3"}
  [1m[36mBook Load (0.2ms)[0m  [1m[34mSELECT "books".* FROM "books" WHERE "books"."id" = ? LIMIT ?[0m  [["id", 3], ["LIMIT", 1]]
  ↳ app/controllers/books_controller.rb:63:in `set_book'
  [1m[36mTRANSACTION (0.1ms)[0m  [1m[36mbegin transaction[0m
  ↳ app/controllers/books_controller.rb:41:in `block in update'
  [1m[36mBook Update (0.4ms)[0m  [1m[33mUPDATE "books" SET "borrower" = ?, "updated_at" = ? WHERE "books"."id" = ?[0m  [["borrower", "jose"], ["updated_at", "2021-12-15 20:40:31.825137"], ["id", 3]]
  ↳ app/controllers/books_controller.rb:41:in `block in update'
  [1m[36mTRANSACTION (136.3ms)[0m  [1m[36mcommit transaction[0m
  ↳ app/controllers/books_controller.rb:41:in `block in update'
Redirected to http://localhost:3000/books/3
Completed 302 Found in 154ms (ActiveRecord: 137.0ms | Allocations: 5791)


Started GET "/books/3" for ::1 at 2021-12-15 17:40:31 -0300
Processing by BooksController#show as HTML
  Parameters: {"id"=>"3"}
  [1m[36mBook Load (0.2ms)[0m  [1m[34mSELECT "books".* FROM "books" WHERE "books"."id" = ? LIMIT ?[0m  [["id", 3], ["LIMIT", 1]]
  ↳ app/controllers/books_controller.rb:63:in `set_book'
  Rendering layout layouts/application.html.erb
  Rendering books/show.html.erb within layouts/application
  Rendered books/show.html.erb within layouts/application (Duration: 0.6ms | Allocations: 127)
[Webpacker] Everything's up-to-date. Nothing to do
  Rendered layout layouts/application.html.erb (Duration: 9.2ms | Allocations: 3402)
Completed 200 OK in 15ms (Views: 10.7ms | ActiveRecord: 0.2ms | Allocations: 4343)


Started GET "/books" for ::1 at 2021-12-15 17:40:33 -0300
Processing by BooksController#index as HTML
  Rendering layout layouts/application.html.erb
  Rendering books/index.html.erb within layouts/application
  [1m[36mBook Load (0.2ms)[0m  [1m[34mSELECT DISTINCT "books".* FROM "books"[0m
  ↳ app/views/books/index.html.erb:28
  Rendered books/index.html.erb within layouts/application (Duration: 4.6ms | Allocations: 1418)
[Webpacker] Everything's up-to-date. Nothing to do
  Rendered layout layouts/application.html.erb (Duration: 11.0ms | Allocations: 4693)
Completed 200 OK in 12ms (Views: 11.5ms | ActiveRecord: 0.2ms | Allocations: 5143)


Started GET "/books/3" for ::1 at 2021-12-15 17:42:46 -0300
Processing by BooksController#show as HTML
  Parameters: {"id"=>"3"}
  [1m[36mBook Load (0.2ms)[0m  [1m[34mSELECT "books".* FROM "books" WHERE "books"."id" = ? LIMIT ?[0m  [["id", 3], ["LIMIT", 1]]
  ↳ app/controllers/books_controller.rb:63:in `set_book'
  Rendering layout layouts/application.html.erb
  Rendering books/show.html.erb within layouts/application
  Rendered books/show.html.erb within layouts/application (Duration: 0.6ms | Allocations: 125)
[Webpacker] Everything's up-to-date. Nothing to do
  Rendered layout layouts/application.html.erb (Duration: 10.7ms | Allocations: 3400)
Completed 200 OK in 16ms (Views: 11.9ms | ActiveRecord: 0.2ms | Allocations: 4336)


Started GET "/books" for ::1 at 2021-12-15 17:42:49 -0300
Processing by BooksController#index as HTML
  Rendering layout layouts/application.html.erb
  Rendering books/index.html.erb within layouts/application
  [1m[36mBook Load (0.2ms)[0m  [1m[34mSELECT DISTINCT "books".* FROM "books"[0m
  ↳ app/views/books/index.html.erb:28
  Rendered books/index.html.erb within layouts/application (Duration: 4.1ms | Allocations: 1418)
[Webpacker] Everything's up-to-date. Nothing to do
  Rendered layout layouts/application.html.erb (Duration: 12.2ms | Allocations: 4693)
Completed 200 OK in 18ms (Views: 16.2ms | ActiveRecord: 0.2ms | Allocations: 5143)


Started GET "/books/2/edit" for ::1 at 2021-12-15 17:42:54 -0300
Processing by BooksController#edit as HTML
  Parameters: {"id"=>"2"}
  [1m[36mBook Load (0.2ms)[0m  [1m[34mSELECT "books".* FROM "books" WHERE "books"."id" = ? LIMIT ?[0m  [["id", 2], ["LIMIT", 1]]
  ↳ app/controllers/books_controller.rb:63:in `set_book'
  Rendering layout layouts/application.html.erb
  Rendering books/edit.html.erb within layouts/application
  Rendered books/_form.html.erb (Duration: 5.7ms | Allocations: 2879)
  Rendered books/edit.html.erb within layouts/application (Duration: 7.8ms | Allocations: 3014)
[Webpacker] Everything's up-to-date. Nothing to do
  Rendered layout layouts/application.html.erb (Duration: 22.4ms | Allocations: 6288)
Completed 200 OK in 26ms (Views: 23.0ms | ActiveRecord: 0.2ms | Allocations: 7224)


Started GET "/books" for ::1 at 2021-12-15 17:42:59 -0300
Processing by BooksController#index as HTML
  Rendering layout layouts/application.html.erb
  Rendering books/index.html.erb within layouts/application
  [1m[36mBook Load (0.2ms)[0m  [1m[34mSELECT DISTINCT "books".* FROM "books"[0m
  ↳ app/views/books/index.html.erb:28
  Rendered books/index.html.erb within layouts/application (Duration: 4.5ms | Allocations: 1420)
[Webpacker] Everything's up-to-date. Nothing to do
  Rendered layout layouts/application.html.erb (Duration: 13.0ms | Allocations: 4700)
Completed 200 OK in 17ms (Views: 14.6ms | ActiveRecord: 0.2ms | Allocations: 5152)


Started GET "/books?q%5Bstatus_cont%5D=1&commit=Filtrar" for ::1 at 2021-12-15 17:43:03 -0300
Processing by BooksController#index as HTML
  Parameters: {"q"=>{"status_cont"=>"1"}, "commit"=>"Filtrar"}
  Rendering layout layouts/application.html.erb
  Rendering books/index.html.erb within layouts/application
  [1m[36mBook Load (0.3ms)[0m  [1m[34mSELECT DISTINCT "books".* FROM "books" WHERE "books"."status" LIKE '%1%'[0m
  ↳ app/views/books/index.html.erb:28
  Rendered books/index.html.erb within layouts/application (Duration: 7.8ms | Allocations: 1425)
[Webpacker] Everything's up-to-date. Nothing to do
  Rendered layout layouts/application.html.erb (Duration: 16.1ms | Allocations: 4703)
Completed 200 OK in 22ms (Views: 17.1ms | ActiveRecord: 0.3ms | Allocations: 5316)


Started GET "/books?q%5Bstatus_cont%5D=0&commit=Filtrar" for ::1 at 2021-12-15 17:43:10 -0300
Processing by BooksController#index as HTML
  Parameters: {"q"=>{"status_cont"=>"0"}, "commit"=>"Filtrar"}
  Rendering layout layouts/application.html.erb
  Rendering books/index.html.erb within layouts/application
  [1m[36mBook Load (0.4ms)[0m  [1m[34mSELECT DISTINCT "books".* FROM "books" WHERE "books"."status" LIKE '%0%'[0m
  ↳ app/views/books/index.html.erb:28
  Rendered books/index.html.erb within layouts/application (Duration: 13.7ms | Allocations: 1418)
[Webpacker] Everything's up-to-date. Nothing to do
  Rendered layout layouts/application.html.erb (Duration: 23.7ms | Allocations: 4694)
Completed 200 OK in 27ms (Views: 24.5ms | ActiveRecord: 0.4ms | Allocations: 5288)


